Archivo: C:\Users\Fernando Hernandez\Desktop\ITQ\5to Semestre\Lenguajes y Automatas II\Generador\c2.gram
Fecha: 28/11/2022 12:29:12 p. m.
Gramatica	st
:	st
cplusplus	st

	finProduccion
Programa	st
Main	st
Librerias	st
Variables	st
Printf	st
Scanf	st
BloqueInstrucciones	st
ListaInstrucciones	st
Instruccion	st
Programa	st
->	produce
Librerias	st
Variables	st
Main	st

	finProduccion
Main	st
->	produce
tipoDatos	st
main	st
(	st
)	st
BloqueInstrucciones	st

	finProduccion
Librerias	st
->	produce
#	st
include	st
<	st
identificador	st
\(	pIzq
.	st
h	st
\)	pDer
>	st

	finProduccion
Variables	st
->	produce
\(	pIzq
identificador	st
\)	pDer

	finProduccion
Printf	st
->	produce
printf	st
(	st
\(	pIzq
cadena	st
\)	pDer
)	st

	finProduccion
Scanf	st
->	produce
scanf	st
(	st
\(	pIzq
cadena	st
\)	pDer
)	st

	finProduccion
BloqueInstrucciones	st
->	produce
{	st
ListaInstrucciones	st
}	st

	finProduccion
ListaInstrucciones	st
->	produce
Instruccion	st
\(	pIzq
;	st
ListaInstrucciones	st
\)	pDer

	finProduccion
Instruccion	st
->	produce
Printf	st
(	st
Scanf	st
)	st
